{"C:\\Users\\MSI1\\Desktop\\crypto-investment\\backend\\src\\app.js": {"path":"C:\\Users\\MSI1\\Desktop\\crypto-investment\\backend\\src\\app.js","statementMap":{"0":{"start":{"line":1,"column":16},"end":{"line":1,"column":34}},"1":{"start":{"line":2,"column":13},"end":{"line":2,"column":28}},"2":{"start":{"line":4,"column":21},"end":{"line":4,"column":54}},"3":{"start":{"line":5,"column":30},"end":{"line":5,"column":59}},"4":{"start":{"line":7,"column":12},"end":{"line":7,"column":21}},"5":{"start":{"line":9,"column":0},"end":{"line":9,"column":16}},"6":{"start":{"line":10,"column":0},"end":{"line":10,"column":24}},"7":{"start":{"line":12,"column":0},"end":{"line":12,"column":38}},"8":{"start":{"line":14,"column":0},"end":{"line":14,"column":42}},"9":{"start":{"line":16,"column":0},"end":{"line":16,"column":21}}},"fnMap":{},"branchMap":{},"s":{"0":1,"1":1,"2":1,"3":1,"4":1,"5":1,"6":1,"7":1,"8":1,"9":1},"f":{},"b":{},"_coverageSchema":"1a1c01bbd47fc00a2c39e90264f33305004495a9","hash":"0b70929adc5f52f3f1aef8722c99897b9dd0ed03"}
,"C:\\Users\\MSI1\\Desktop\\crypto-investment\\backend\\src\\server.js": {"path":"C:\\Users\\MSI1\\Desktop\\crypto-investment\\backend\\src\\server.js","statementMap":{"0":{"start":{"line":1,"column":12},"end":{"line":1,"column":35}},"1":{"start":{"line":2,"column":12},"end":{"line":2,"column":28}},"2":{"start":{"line":4,"column":13},"end":{"line":4,"column":29}},"3":{"start":{"line":6,"column":0},"end":{"line":8,"column":3}},"4":{"start":{"line":7,"column":2},"end":{"line":7,"column":72}}},"fnMap":{"0":{"name":"(anonymous_0)","decl":{"start":{"line":6,"column":17},"end":{"line":6,"column":18}},"loc":{"start":{"line":6,"column":23},"end":{"line":8,"column":1}},"line":6}},"branchMap":{"0":{"loc":{"start":{"line":4,"column":13},"end":{"line":4,"column":29}},"type":"binary-expr","locations":[{"start":{"line":4,"column":13},"end":{"line":4,"column":21}},{"start":{"line":4,"column":25},"end":{"line":4,"column":29}}],"line":4}},"s":{"0":2,"1":2,"2":2,"3":2,"4":2},"f":{"0":2},"b":{"0":[2,1]},"_coverageSchema":"1a1c01bbd47fc00a2c39e90264f33305004495a9","hash":"dfe6585c2b8d44beeb43d9fd6aab9567db40a019"}
,"C:\\Users\\MSI1\\Desktop\\crypto-investment\\backend\\src\\config\\db.js": {"path":"C:\\Users\\MSI1\\Desktop\\crypto-investment\\backend\\src\\config\\db.js","statementMap":{"0":{"start":{"line":1,"column":14},"end":{"line":1,"column":31}},"1":{"start":{"line":2,"column":12},"end":{"line":2,"column":28}},"2":{"start":{"line":4,"column":11},"end":{"line":9,"column":2}},"3":{"start":{"line":11,"column":0},"end":{"line":11,"column":20}}},"fnMap":{},"branchMap":{},"s":{"0":2,"1":2,"2":2,"3":2},"f":{},"b":{},"_coverageSchema":"1a1c01bbd47fc00a2c39e90264f33305004495a9","hash":"04f9809149034d8027c9f43f034b6a807e402f5b"}
,"C:\\Users\\MSI1\\Desktop\\crypto-investment\\backend\\src\\config\\env.js": {"path":"C:\\Users\\MSI1\\Desktop\\crypto-investment\\backend\\src\\config\\env.js","statementMap":{"0":{"start":{"line":1,"column":0},"end":{"line":1,"column":27}},"1":{"start":{"line":3,"column":12},"end":{"line":12,"column":1}},"2":{"start":{"line":14,"column":0},"end":{"line":14,"column":21}}},"fnMap":{},"branchMap":{"0":{"loc":{"start":{"line":4,"column":8},"end":{"line":4,"column":32}},"type":"binary-expr","locations":[{"start":{"line":4,"column":8},"end":{"line":4,"column":24}},{"start":{"line":4,"column":28},"end":{"line":4,"column":32}}],"line":4},"1":{"loc":{"start":{"line":7,"column":11},"end":{"line":7,"column":45}},"type":"binary-expr","locations":[{"start":{"line":7,"column":11},"end":{"line":7,"column":30}},{"start":{"line":7,"column":34},"end":{"line":7,"column":45}}],"line":7},"2":{"loc":{"start":{"line":8,"column":11},"end":{"line":8,"column":40}},"type":"binary-expr","locations":[{"start":{"line":8,"column":11},"end":{"line":8,"column":30}},{"start":{"line":8,"column":34},"end":{"line":8,"column":40}}],"line":8},"3":{"loc":{"start":{"line":9,"column":11},"end":{"line":9,"column":40}},"type":"binary-expr","locations":[{"start":{"line":9,"column":11},"end":{"line":9,"column":30}},{"start":{"line":9,"column":34},"end":{"line":9,"column":40}}],"line":9},"4":{"loc":{"start":{"line":10,"column":15},"end":{"line":10,"column":44}},"type":"binary-expr","locations":[{"start":{"line":10,"column":15},"end":{"line":10,"column":38}},{"start":{"line":10,"column":42},"end":{"line":10,"column":44}}],"line":10},"5":{"loc":{"start":{"line":11,"column":11},"end":{"line":11,"column":53}},"type":"binary-expr","locations":[{"start":{"line":11,"column":11},"end":{"line":11,"column":30}},{"start":{"line":11,"column":34},"end":{"line":11,"column":53}}],"line":11}},"s":{"0":5,"1":5,"2":5},"f":{},"b":{"0":[5,0],"1":[5,0],"2":[5,0],"3":[5,0],"4":[5,5],"5":[5,0]},"_coverageSchema":"1a1c01bbd47fc00a2c39e90264f33305004495a9","hash":"3d326f1bc390ae87daa02ee3d8a78c669a767abf"}
,"C:\\Users\\MSI1\\Desktop\\crypto-investment\\backend\\src\\controllers\\crypto.controller.js": {"path":"C:\\Users\\MSI1\\Desktop\\crypto-investment\\backend\\src\\controllers\\crypto.controller.js","statementMap":{"0":{"start":{"line":1,"column":26},"end":{"line":1,"column":61}},"1":{"start":{"line":2,"column":36},"end":{"line":2,"column":70}},"2":{"start":{"line":4,"column":20},"end":{"line":12,"column":1}},"3":{"start":{"line":5,"column":2},"end":{"line":11,"column":3}},"4":{"start":{"line":6,"column":23},"end":{"line":6,"column":32}},"5":{"start":{"line":7,"column":21},"end":{"line":7,"column":48}},"6":{"start":{"line":8,"column":4},"end":{"line":8,"column":23}},"7":{"start":{"line":10,"column":4},"end":{"line":10,"column":62}},"8":{"start":{"line":14,"column":25},"end":{"line":33,"column":1}},"9":{"start":{"line":15,"column":2},"end":{"line":32,"column":3}},"10":{"start":{"line":16,"column":23},"end":{"line":16,"column":33}},"11":{"start":{"line":18,"column":4},"end":{"line":20,"column":5}},"12":{"start":{"line":19,"column":6},"end":{"line":19,"column":74}},"13":{"start":{"line":22,"column":17},"end":{"line":22,"column":68}},"14":{"start":{"line":24,"column":4},"end":{"line":26,"column":5}},"15":{"start":{"line":25,"column":6},"end":{"line":25,"column":90}},"16":{"start":{"line":28,"column":4},"end":{"line":28,"column":19}},"17":{"start":{"line":30,"column":4},"end":{"line":30,"column":54}},"18":{"start":{"line":31,"column":4},"end":{"line":31,"column":66}},"19":{"start":{"line":35,"column":0},"end":{"line":38,"column":2}}},"fnMap":{"0":{"name":"(anonymous_0)","decl":{"start":{"line":4,"column":20},"end":{"line":4,"column":21}},"loc":{"start":{"line":4,"column":40},"end":{"line":12,"column":1}},"line":4},"1":{"name":"(anonymous_1)","decl":{"start":{"line":14,"column":25},"end":{"line":14,"column":26}},"loc":{"start":{"line":14,"column":45},"end":{"line":33,"column":1}},"line":14}},"branchMap":{"0":{"loc":{"start":{"line":18,"column":4},"end":{"line":20,"column":5}},"type":"if","locations":[{"start":{"line":18,"column":4},"end":{"line":20,"column":5}},{"start":{},"end":{}}],"line":18},"1":{"loc":{"start":{"line":24,"column":4},"end":{"line":26,"column":5}},"type":"if","locations":[{"start":{"line":24,"column":4},"end":{"line":26,"column":5}},{"start":{},"end":{}}],"line":24},"2":{"loc":{"start":{"line":24,"column":8},"end":{"line":24,"column":34}},"type":"binary-expr","locations":[{"start":{"line":24,"column":8},"end":{"line":24,"column":13}},{"start":{"line":24,"column":17},"end":{"line":24,"column":34}}],"line":24}},"s":{"0":3,"1":3,"2":3,"3":4,"4":4,"5":4,"6":3,"7":1,"8":3,"9":7,"10":7,"11":7,"12":1,"13":6,"14":5,"15":2,"16":3,"17":1,"18":1,"19":3},"f":{"0":4,"1":7},"b":{"0":[1,6],"1":[2,3],"2":[5,4]},"_coverageSchema":"1a1c01bbd47fc00a2c39e90264f33305004495a9","hash":"3fc9ad30c7419d376e3dab17db5ffcb4910ad15c"}
,"C:\\Users\\MSI1\\Desktop\\crypto-investment\\backend\\src\\models\\cryptocurrency.model.js": {"path":"C:\\Users\\MSI1\\Desktop\\crypto-investment\\backend\\src\\models\\cryptocurrency.model.js","statementMap":{"0":{"start":{"line":1,"column":11},"end":{"line":1,"column":34}},"1":{"start":{"line":3,"column":27},"end":{"line":15,"column":1}},"2":{"start":{"line":4,"column":21},"end":{"line":7,"column":3}},"3":{"start":{"line":9,"column":2},"end":{"line":14,"column":3}},"4":{"start":{"line":10,"column":4},"end":{"line":13,"column":6}},"5":{"start":{"line":17,"column":0},"end":{"line":17,"column":40}}},"fnMap":{"0":{"name":"(anonymous_0)","decl":{"start":{"line":3,"column":27},"end":{"line":3,"column":28}},"loc":{"start":{"line":3,"column":61},"end":{"line":15,"column":1}},"line":3}},"branchMap":{"0":{"loc":{"start":{"line":9,"column":2},"end":{"line":14,"column":3}},"type":"if","locations":[{"start":{"line":9,"column":2},"end":{"line":14,"column":3}},{"start":{},"end":{}}],"line":9}},"s":{"0":2,"1":2,"2":2,"3":2,"4":1,"5":2},"f":{"0":2},"b":{"0":[1,1]},"_coverageSchema":"1a1c01bbd47fc00a2c39e90264f33305004495a9","hash":"3795d9b7425d4932c1d7eef4dc02b97bec522eb0"}
,"C:\\Users\\MSI1\\Desktop\\crypto-investment\\backend\\src\\models\\history.model.js": {"path":"C:\\Users\\MSI1\\Desktop\\crypto-investment\\backend\\src\\models\\history.model.js","statementMap":{"0":{"start":{"line":1,"column":11},"end":{"line":1,"column":34}},"1":{"start":{"line":3,"column":25},"end":{"line":5,"column":1}},"2":{"start":{"line":4,"column":2},"end":{"line":4,"column":43}},"3":{"start":{"line":7,"column":25},"end":{"line":58,"column":1}},"4":{"start":{"line":17,"column":21},"end":{"line":24,"column":3}},"5":{"start":{"line":26,"column":2},"end":{"line":40,"column":3}},"6":{"start":{"line":27,"column":17},"end":{"line":27,"column":28}},"7":{"start":{"line":29,"column":22},"end":{"line":29,"column":78}},"8":{"start":{"line":30,"column":23},"end":{"line":30,"column":89}},"9":{"start":{"line":31,"column":19},"end":{"line":31,"column":99}},"10":{"start":{"line":32,"column":20},"end":{"line":32,"column":102}},"11":{"start":{"line":33,"column":19},"end":{"line":33,"column":99}},"12":{"start":{"line":35,"column":4},"end":{"line":37,"column":5}},"13":{"start":{"line":36,"column":6},"end":{"line":36,"column":13}},"14":{"start":{"line":39,"column":4},"end":{"line":39,"column":81}},"15":{"start":{"line":42,"column":16},"end":{"line":46,"column":3}},"16":{"start":{"line":48,"column":2},"end":{"line":56,"column":5}},"17":{"start":{"line":60,"column":32},"end":{"line":79,"column":1}},"18":{"start":{"line":61,"column":23},"end":{"line":64,"column":3}},"19":{"start":{"line":66,"column":2},"end":{"line":66,"column":43}},"20":{"start":{"line":66,"column":31},"end":{"line":66,"column":43}},"21":{"start":{"line":68,"column":19},"end":{"line":68,"column":35}},"22":{"start":{"line":70,"column":24},"end":{"line":76,"column":3}},"23":{"start":{"line":78,"column":2},"end":{"line":78,"column":21}},"24":{"start":{"line":81,"column":0},"end":{"line":84,"column":3}}},"fnMap":{"0":{"name":"(anonymous_0)","decl":{"start":{"line":3,"column":25},"end":{"line":3,"column":26}},"loc":{"start":{"line":3,"column":34},"end":{"line":5,"column":1}},"line":3},"1":{"name":"(anonymous_1)","decl":{"start":{"line":7,"column":25},"end":{"line":7,"column":26}},"loc":{"start":{"line":15,"column":5},"end":{"line":58,"column":1}},"line":15},"2":{"name":"(anonymous_2)","decl":{"start":{"line":60,"column":32},"end":{"line":60,"column":33}},"loc":{"start":{"line":60,"column":50},"end":{"line":79,"column":1}},"line":60}},"branchMap":{"0":{"loc":{"start":{"line":26,"column":2},"end":{"line":40,"column":3}},"type":"if","locations":[{"start":{"line":26,"column":2},"end":{"line":40,"column":3}},{"start":{"line":38,"column":9},"end":{"line":40,"column":3}}],"line":26},"1":{"loc":{"start":{"line":35,"column":4},"end":{"line":37,"column":5}},"type":"if","locations":[{"start":{"line":35,"column":4},"end":{"line":37,"column":5}},{"start":{},"end":{}}],"line":35},"2":{"loc":{"start":{"line":35,"column":8},"end":{"line":35,"column":62}},"type":"binary-expr","locations":[{"start":{"line":35,"column":8},"end":{"line":35,"column":17}},{"start":{"line":35,"column":21},"end":{"line":35,"column":31}},{"start":{"line":35,"column":35},"end":{"line":35,"column":41}},{"start":{"line":35,"column":45},"end":{"line":35,"column":52}},{"start":{"line":35,"column":56},"end":{"line":35,"column":62}}],"line":35},"3":{"loc":{"start":{"line":66,"column":2},"end":{"line":66,"column":43}},"type":"if","locations":[{"start":{"line":66,"column":2},"end":{"line":66,"column":43}},{"start":{},"end":{}}],"line":66}},"s":{"0":5,"1":5,"2":20,"3":5,"4":3,"5":3,"6":2,"7":2,"8":2,"9":2,"10":2,"11":2,"12":2,"13":1,"14":1,"15":2,"16":2,"17":5,"18":5,"19":5,"20":2,"21":3,"22":3,"23":3,"24":5},"f":{"0":20,"1":3,"2":5},"b":{"0":[2,1],"1":[1,1],"2":[2,1,1,1,1],"3":[2,3]},"_coverageSchema":"1a1c01bbd47fc00a2c39e90264f33305004495a9","hash":"b4144e5c0f5c0252c733257135629288cb315070"}
,"C:\\Users\\MSI1\\Desktop\\crypto-investment\\backend\\src\\routes\\crypto.routes.js": {"path":"C:\\Users\\MSI1\\Desktop\\crypto-investment\\backend\\src\\routes\\crypto.routes.js","statementMap":{"0":{"start":{"line":1,"column":16},"end":{"line":1,"column":34}},"1":{"start":{"line":2,"column":15},"end":{"line":2,"column":31}},"2":{"start":{"line":3,"column":42},"end":{"line":3,"column":85}},"3":{"start":{"line":5,"column":0},"end":{"line":5,"column":29}},"4":{"start":{"line":6,"column":0},"end":{"line":6,"column":49}},"5":{"start":{"line":8,"column":0},"end":{"line":8,"column":24}}},"fnMap":{},"branchMap":{},"s":{"0":2,"1":2,"2":2,"3":2,"4":2,"5":2},"f":{},"b":{},"_coverageSchema":"1a1c01bbd47fc00a2c39e90264f33305004495a9","hash":"0d1cdb369d438d4addd02fcddc8c54a3eb26328e"}
,"C:\\Users\\MSI1\\Desktop\\crypto-investment\\backend\\src\\services\\coin.service.js": {"path":"C:\\Users\\MSI1\\Desktop\\crypto-investment\\backend\\src\\services\\coin.service.js","statementMap":{"0":{"start":{"line":1,"column":14},"end":{"line":1,"column":30}},"1":{"start":{"line":2,"column":12},"end":{"line":2,"column":36}},"2":{"start":{"line":4,"column":16},"end":{"line":4,"column":31}},"3":{"start":{"line":6,"column":22},"end":{"line":13,"column":1}},"4":{"start":{"line":7,"column":14},"end":{"line":7,"column":98}},"5":{"start":{"line":8,"column":18},"end":{"line":10,"column":3}},"6":{"start":{"line":11,"column":19},"end":{"line":11,"column":52}},"7":{"start":{"line":12,"column":2},"end":{"line":12,"column":23}},"8":{"start":{"line":15,"column":0},"end":{"line":15,"column":35}}},"fnMap":{"0":{"name":"(anonymous_0)","decl":{"start":{"line":6,"column":22},"end":{"line":6,"column":23}},"loc":{"start":{"line":6,"column":40},"end":{"line":13,"column":1}},"line":6}},"branchMap":{},"s":{"0":5,"1":5,"2":5,"3":5,"4":4,"5":4,"6":4,"7":3,"8":5},"f":{"0":4},"b":{},"_coverageSchema":"1a1c01bbd47fc00a2c39e90264f33305004495a9","hash":"bb747a63f39ba8eb4e9d1400e67563fff1446f52"}
,"C:\\Users\\MSI1\\Desktop\\crypto-investment\\backend\\src\\utils\\persistJob.js": {"path":"C:\\Users\\MSI1\\Desktop\\crypto-investment\\backend\\src\\utils\\persistJob.js","statementMap":{"0":{"start":{"line":1,"column":26},"end":{"line":1,"column":61}},"1":{"start":{"line":2,"column":31},"end":{"line":2,"column":72}},"2":{"start":{"line":3,"column":29},"end":{"line":3,"column":63}},"3":{"start":{"line":5,"column":16},"end":{"line":5,"column":37}},"4":{"start":{"line":7,"column":26},"end":{"line":30,"column":1}},"5":{"start":{"line":8,"column":2},"end":{"line":8,"column":57}},"6":{"start":{"line":9,"column":2},"end":{"line":29,"column":3}},"7":{"start":{"line":10,"column":4},"end":{"line":28,"column":5}},"8":{"start":{"line":11,"column":18},"end":{"line":11,"column":45}},"9":{"start":{"line":12,"column":21},"end":{"line":12,"column":37}},"10":{"start":{"line":13,"column":17},"end":{"line":13,"column":26}},"11":{"start":{"line":14,"column":20},"end":{"line":14,"column":36}},"12":{"start":{"line":16,"column":6},"end":{"line":16,"column":76}},"13":{"start":{"line":17,"column":6},"end":{"line":25,"column":8}},"14":{"start":{"line":27,"column":6},"end":{"line":27,"column":69}},"15":{"start":{"line":32,"column":0},"end":{"line":32,"column":39}}},"fnMap":{"0":{"name":"(anonymous_0)","decl":{"start":{"line":7,"column":26},"end":{"line":7,"column":27}},"loc":{"start":{"line":7,"column":38},"end":{"line":30,"column":1}},"line":7}},"branchMap":{},"s":{"0":1,"1":1,"2":1,"3":1,"4":1,"5":2,"6":2,"7":6,"8":6,"9":5,"10":5,"11":5,"12":5,"13":5,"14":1,"15":1},"f":{"0":2},"b":{},"_coverageSchema":"1a1c01bbd47fc00a2c39e90264f33305004495a9","hash":"cc606b1b0268a41885339ec62acfa135c609aed8"}
}
