TN:
SF:src\app.js
FNF:0
FNH:0
DA:1,1
DA:2,1
DA:4,1
DA:5,1
DA:7,1
DA:9,1
DA:10,1
DA:12,1
DA:14,1
DA:16,1
LF:10
LH:10
BRF:0
BRH:0
end_of_record
TN:
SF:src\server.js
FN:6,(anonymous_0)
FNF:1
FNH:1
FNDA:2,(anonymous_0)
DA:1,2
DA:2,2
DA:4,2
DA:6,2
DA:7,2
LF:5
LH:5
BRDA:4,0,0,2
BRDA:4,0,1,1
BRF:2
BRH:2
end_of_record
TN:
SF:src\config\db.js
FNF:0
FNH:0
DA:1,2
DA:2,2
DA:4,2
DA:11,2
LF:4
LH:4
BRF:0
BRH:0
end_of_record
TN:
SF:src\config\env.js
FNF:0
FNH:0
DA:1,5
DA:3,5
DA:14,5
LF:3
LH:3
BRDA:4,0,0,5
BRDA:4,0,1,0
BRDA:7,1,0,5
BRDA:7,1,1,0
BRDA:8,2,0,5
BRDA:8,2,1,0
BRDA:9,3,0,5
BRDA:9,3,1,0
BRDA:10,4,0,5
BRDA:10,4,1,5
BRDA:11,5,0,5
BRDA:11,5,1,0
BRF:12
BRH:7
end_of_record
TN:
SF:src\controllers\crypto.controller.js
FN:4,(anonymous_0)
FN:14,(anonymous_1)
FNF:2
FNH:2
FNDA:4,(anonymous_0)
FNDA:7,(anonymous_1)
DA:1,3
DA:2,3
DA:4,3
DA:5,4
DA:6,4
DA:7,4
DA:8,3
DA:10,1
DA:14,3
DA:15,7
DA:16,7
DA:18,7
DA:19,1
DA:22,6
DA:24,5
DA:25,2
DA:28,3
DA:30,1
DA:31,1
DA:35,3
LF:20
LH:20
BRDA:18,0,0,1
BRDA:18,0,1,6
BRDA:24,1,0,2
BRDA:24,1,1,3
BRDA:24,2,0,5
BRDA:24,2,1,4
BRF:6
BRH:6
end_of_record
TN:
SF:src\models\cryptocurrency.model.js
FN:3,(anonymous_0)
FNF:1
FNH:1
FNDA:2,(anonymous_0)
DA:1,2
DA:3,2
DA:4,2
DA:9,2
DA:10,1
DA:17,2
LF:6
LH:6
BRDA:9,0,0,1
BRDA:9,0,1,1
BRF:2
BRH:2
end_of_record
TN:
SF:src\models\history.model.js
FN:3,(anonymous_0)
FN:7,(anonymous_1)
FN:60,(anonymous_2)
FNF:3
FNH:3
FNDA:20,(anonymous_0)
FNDA:3,(anonymous_1)
FNDA:5,(anonymous_2)
DA:1,5
DA:3,5
DA:4,20
DA:7,5
DA:17,3
DA:26,3
DA:27,2
DA:29,2
DA:30,2
DA:31,2
DA:32,2
DA:33,2
DA:35,2
DA:36,1
DA:39,1
DA:42,2
DA:48,2
DA:60,5
DA:61,5
DA:66,5
DA:68,3
DA:70,3
DA:78,3
DA:81,5
LF:24
LH:24
BRDA:26,0,0,2
BRDA:26,0,1,1
BRDA:35,1,0,1
BRDA:35,1,1,1
BRDA:35,2,0,2
BRDA:35,2,1,1
BRDA:35,2,2,1
BRDA:35,2,3,1
BRDA:35,2,4,1
BRDA:66,3,0,2
BRDA:66,3,1,3
BRF:11
BRH:11
end_of_record
TN:
SF:src\routes\crypto.routes.js
FNF:0
FNH:0
DA:1,2
DA:2,2
DA:3,2
DA:5,2
DA:6,2
DA:8,2
LF:6
LH:6
BRF:0
BRH:0
end_of_record
TN:
SF:src\services\coin.service.js
FN:6,(anonymous_0)
FNF:1
FNH:1
FNDA:4,(anonymous_0)
DA:1,5
DA:2,5
DA:4,5
DA:6,5
DA:7,4
DA:8,4
DA:11,4
DA:12,3
DA:15,5
LF:9
LH:9
BRF:0
BRH:0
end_of_record
TN:
SF:src\utils\persistJob.js
FN:7,(anonymous_0)
FNF:1
FNH:1
FNDA:2,(anonymous_0)
DA:1,1
DA:2,1
DA:3,1
DA:5,1
DA:7,1
DA:8,2
DA:9,2
DA:10,6
DA:11,6
DA:12,5
DA:13,5
DA:14,5
DA:16,5
DA:17,5
DA:27,1
DA:32,1
LF:16
LH:16
BRF:0
BRH:0
end_of_record
